<?xml version="1.0" encoding="UTF-8"?>
<!-- Generated by org.testng.reporters.JUnitReportReporter -->
<testsuite hostname="LAPTOP-N2RCS5RO" failures="1" tests="4" name="it.eserciziofo.test.BasePageTest" time="38.923" errors="1" timestamp="2021-09-17T12:44:39 CEST" skipped="2">
  <testcase classname="it.eserciziofo.test.BasePageTest" name="checkSite" time="36.068">
    <failure message="elenco errori!
href vuoto/nullo, la riga del codice: {class=medium cli-plugin-button cli-plugin-main-button cookie_action_close_header cli_action_button, data-cli_action=accept, id=cookie_action_close_header, role=button, style=display: inline-block; color: rgb(255, 255, 255); background-color: rgb(254, 153, 0);, tabindex=0},
href vuoto/nullo, la riga del codice: {aria-label=Show more, class=cli-privacy-readmore, data-readless-text=Show less, data-readmore-text=Show more, role=button, tabindex=0},
href vuoto/nullo, la riga del codice: {class=cli-nav-link cli-settings-mobile, data-target=necessary, data-toggle=cli-toggle-tab, role=button, tabindex=0},
href vuoto/nullo, la riga del codice: {class=cli-nav-link cli-settings-mobile, data-target=functional, data-toggle=cli-toggle-tab, role=button, tabindex=0},
href vuoto/nullo, la riga del codice: {class=cli-nav-link cli-settings-mobile, data-target=performance, data-toggle=cli-toggle-tab, role=button, tabindex=0},
href vuoto/nullo, la riga del codice: {class=cli-nav-link cli-settings-mobile, data-target=analytics, data-toggle=cli-toggle-tab, role=button, tabindex=0},
href vuoto/nullo, la riga del codice: {class=cli-nav-link cli-settings-mobile, data-target=advertisement, data-toggle=cli-toggle-tab, role=button, tabindex=0},
href vuoto/nullo, la riga del codice: {class=cli-nav-link cli-settings-mobile, data-target=others, data-toggle=cli-toggle-tab, role=button, tabindex=0},
href vuoto/nullo, la riga del codice: {class=wt-cli-privacy-btn cli_setting_save_button wt-cli-privacy-accept-btn cli-btn, data-cli-action=accept, id=wt-cli-privacy-save-btn, role=button, tabindex=0},
href interno: https://www.siinfo.eu/privacy-policy: response diversa da 404, con attributo uguale a blank " type="java.lang.AssertionError">
      <![CDATA[java.lang.AssertionError: elenco errori!
href vuoto/nullo, la riga del codice: {class=medium cli-plugin-button cli-plugin-main-button cookie_action_close_header cli_action_button, data-cli_action=accept, id=cookie_action_close_header, role=button, style=display: inline-block; color: rgb(255, 255, 255); background-color: rgb(254, 153, 0);, tabindex=0},
href vuoto/nullo, la riga del codice: {aria-label=Show more, class=cli-privacy-readmore, data-readless-text=Show less, data-readmore-text=Show more, role=button, tabindex=0},
href vuoto/nullo, la riga del codice: {class=cli-nav-link cli-settings-mobile, data-target=necessary, data-toggle=cli-toggle-tab, role=button, tabindex=0},
href vuoto/nullo, la riga del codice: {class=cli-nav-link cli-settings-mobile, data-target=functional, data-toggle=cli-toggle-tab, role=button, tabindex=0},
href vuoto/nullo, la riga del codice: {class=cli-nav-link cli-settings-mobile, data-target=performance, data-toggle=cli-toggle-tab, role=button, tabindex=0},
href vuoto/nullo, la riga del codice: {class=cli-nav-link cli-settings-mobile, data-target=analytics, data-toggle=cli-toggle-tab, role=button, tabindex=0},
href vuoto/nullo, la riga del codice: {class=cli-nav-link cli-settings-mobile, data-target=advertisement, data-toggle=cli-toggle-tab, role=button, tabindex=0},
href vuoto/nullo, la riga del codice: {class=cli-nav-link cli-settings-mobile, data-target=others, data-toggle=cli-toggle-tab, role=button, tabindex=0},
href vuoto/nullo, la riga del codice: {class=wt-cli-privacy-btn cli_setting_save_button wt-cli-privacy-accept-btn cli-btn, data-cli-action=accept, id=wt-cli-privacy-save-btn, role=button, tabindex=0},
href interno: https://www.siinfo.eu/privacy-policy: response diversa da 404, con attributo uguale a blank 
at it.eserciziofo.utility.checkAssert.assertAll(checkAssert.java:60)
at org.testng.asserts.SoftAssert.assertAll(SoftAssert.java:31)
at it.eserciziofo.utility.checkAssert.assertAll(checkAssert.java:43)
at it.eserciziofo.pom.BasePage.checkAll(BasePage.java:234)
at it.eserciziofo.test.BasePageTest.checkSite(BasePageTest.java:51)
at java.base/jdk.internal.reflect.NativeMethodAccessorImpl.invoke0(Native Method)
at java.base/jdk.internal.reflect.NativeMethodAccessorImpl.invoke(NativeMethodAccessorImpl.java:64)
at java.base/jdk.internal.reflect.DelegatingMethodAccessorImpl.invoke(DelegatingMethodAccessorImpl.java:43)
at java.base/java.lang.reflect.Method.invoke(Method.java:564)
at org.testng.internal.MethodInvocationHelper.invokeMethod(MethodInvocationHelper.java:133)
at org.testng.internal.TestInvoker.invokeMethod(TestInvoker.java:598)
at org.testng.internal.TestInvoker.invokeTestMethod(TestInvoker.java:173)
at org.testng.internal.MethodRunner.runInSequence(MethodRunner.java:46)
at org.testng.internal.TestInvoker$MethodInvocationAgent.invoke(TestInvoker.java:824)
at org.testng.internal.TestInvoker.invokeTestMethods(TestInvoker.java:146)
at org.testng.internal.TestMethodWorker.invokeTestMethods(TestMethodWorker.java:146)
at org.testng.internal.TestMethodWorker.run(TestMethodWorker.java:128)
at java.base/java.util.ArrayList.forEach(ArrayList.java:1511)
at org.testng.TestRunner.privateRun(TestRunner.java:794)
at org.testng.TestRunner.run(TestRunner.java:596)
at org.testng.SuiteRunner.runTest(SuiteRunner.java:377)
at org.testng.SuiteRunner.runSequentially(SuiteRunner.java:371)
at org.testng.SuiteRunner.privateRun(SuiteRunner.java:332)
at org.testng.SuiteRunner.run(SuiteRunner.java:276)
at org.testng.SuiteRunnerWorker.runSuite(SuiteRunnerWorker.java:53)
at org.testng.SuiteRunnerWorker.run(SuiteRunnerWorker.java:96)
at org.testng.TestNG.runSuitesSequentially(TestNG.java:1212)
at org.testng.TestNG.runSuitesLocally(TestNG.java:1134)
at org.testng.TestNG.runSuites(TestNG.java:1063)
at org.testng.TestNG.run(TestNG.java:1031)
at org.testng.remote.AbstractRemoteTestNG.run(AbstractRemoteTestNG.java:115)
at org.testng.remote.RemoteTestNG.initAndRun(RemoteTestNG.java:251)
at org.testng.remote.RemoteTestNG.main(RemoteTestNG.java:77)
]]>
    </failure>
  </testcase> <!-- checkSite -->
  <system-out/>
  <testcase classname="it.eserciziofo.test.BasePageTest" name="finishTest" time="2.855">
    <error message="Index 74 out of bounds for length 1" type="java.lang.IndexOutOfBoundsException">
      <![CDATA[java.lang.IndexOutOfBoundsException: Index 74 out of bounds for length 1
at java.base/jdk.internal.util.Preconditions.outOfBounds(Preconditions.java:64)
at java.base/jdk.internal.util.Preconditions.outOfBoundsCheckIndex(Preconditions.java:70)
at java.base/jdk.internal.util.Preconditions.checkIndex(Preconditions.java:248)
at java.base/java.util.Objects.checkIndex(Objects.java:359)
at java.base/java.util.ArrayList.get(ArrayList.java:427)
at it.eserciziofo.report.ExtentManager.createTestByPageName(ExtentManager.java:61)
at it.eserciziofo.report.ExtentManager.createTestTypeErrore(ExtentManager.java:68)
at it.eserciziofo.report.ExtentManager.writeMessage(ExtentManager.java:81)
at it.eserciziofo.test.BasePageTest.finishTest(BasePageTest.java:65)
at java.base/jdk.internal.reflect.NativeMethodAccessorImpl.invoke0(Native Method)
at java.base/jdk.internal.reflect.NativeMethodAccessorImpl.invoke(NativeMethodAccessorImpl.java:64)
at java.base/jdk.internal.reflect.DelegatingMethodAccessorImpl.invoke(DelegatingMethodAccessorImpl.java:43)
at java.base/java.lang.reflect.Method.invoke(Method.java:564)
at org.testng.internal.MethodInvocationHelper.invokeMethod(MethodInvocationHelper.java:133)
at org.testng.internal.MethodInvocationHelper.invokeMethodConsideringTimeout(MethodInvocationHelper.java:62)
at org.testng.internal.ConfigInvoker.invokeConfigurationMethod(ConfigInvoker.java:385)
at org.testng.internal.ConfigInvoker.invokeConfigurations(ConfigInvoker.java:321)
at org.testng.internal.TestInvoker.runConfigMethods(TestInvoker.java:700)
at org.testng.internal.TestInvoker.runAfterGroupsConfigurations(TestInvoker.java:676)
at org.testng.internal.TestInvoker.invokeMethod(TestInvoker.java:660)
at org.testng.internal.TestInvoker.invokeTestMethod(TestInvoker.java:173)
at org.testng.internal.MethodRunner.runInSequence(MethodRunner.java:46)
at org.testng.internal.TestInvoker$MethodInvocationAgent.invoke(TestInvoker.java:824)
at org.testng.internal.TestInvoker.invokeTestMethods(TestInvoker.java:146)
at org.testng.internal.TestMethodWorker.invokeTestMethods(TestMethodWorker.java:146)
at org.testng.internal.TestMethodWorker.run(TestMethodWorker.java:128)
at java.base/java.util.ArrayList.forEach(ArrayList.java:1511)
at org.testng.TestRunner.privateRun(TestRunner.java:794)
at org.testng.TestRunner.run(TestRunner.java:596)
at org.testng.SuiteRunner.runTest(SuiteRunner.java:377)
at org.testng.SuiteRunner.runSequentially(SuiteRunner.java:371)
at org.testng.SuiteRunner.privateRun(SuiteRunner.java:332)
at org.testng.SuiteRunner.run(SuiteRunner.java:276)
at org.testng.SuiteRunnerWorker.runSuite(SuiteRunnerWorker.java:53)
at org.testng.SuiteRunnerWorker.run(SuiteRunnerWorker.java:96)
at org.testng.TestNG.runSuitesSequentially(TestNG.java:1212)
at org.testng.TestNG.runSuitesLocally(TestNG.java:1134)
at org.testng.TestNG.runSuites(TestNG.java:1063)
at org.testng.TestNG.run(TestNG.java:1031)
at org.testng.remote.AbstractRemoteTestNG.run(AbstractRemoteTestNG.java:115)
at org.testng.remote.RemoteTestNG.initAndRun(RemoteTestNG.java:251)
at org.testng.remote.RemoteTestNG.main(RemoteTestNG.java:77)
]]>
    </error>
  </testcase> <!-- finishTest -->
  <system-out/>
  <testcase classname="it.eserciziofo.test.BasePageTest" name="checkSite" time="0.000">
    <skipped/>
  </testcase> <!-- checkSite -->
  <system-out/>
  <testcase classname="it.eserciziofo.test.BasePageTest" name="checkSite" time="0.000">
    <skipped/>
  </testcase> <!-- checkSite -->
  <system-out/>
</testsuite> <!-- it.eserciziofo.test.BasePageTest -->
